<?xml version="1.0" encoding="utf-8"?><testsuites name="pytest tests"><testsuite name="pytest" errors="0" failures="0" skipped="0" tests="7" time="2.057" timestamp="2026-07-04T10:30:13.444747+00:00" hostname="agent-env-aef28304-a270-4e2c-a9a9-7b447be1d65b"><testcase classname="tests.backend_test" name="test_root" time="0.009" /><testcase classname="tests.backend_test" name="test_cakes_list" time="0.052" /><testcase classname="tests.backend_test" name="test_login_returns_jwt" time="0.342" /><testcase classname="tests.backend_test" name="test_login_invalid" time="0.284" /><testcase classname="tests.backend_test" name="test_create_order" time="0.022" /><testcase classname="tests.backend_test" name="test_admin_cakes" time="0.047" /><testcase classname="tests.backend_test" name="test_admin_cakes_no_auth" time="0.044" /></testsuite></testsuites>